Using pre-set license
Built from '2020.3/release' branch; Version is '2020.3.1f1 (77a89f25062f) revision 7841951'; Using compiler version '192528614'; Build Type 'Release'
OS: 'Windows 10 Home; OS build 19042.928; Version 2009; 64bit' Language: 'en' Physical Memory: 32650 MB
BatchMode: 1, IsHumanControllingUs: 0, StartBugReporterOnCrash: 0, Is64bit: 1, IsPro: 0

 COMMAND LINE ARGUMENTS:
C:\Program Files\Unity\Hub\Editor\2020.3.1f1\Editor\Unity.exe
-adb2
-batchMode
-noUpm
-name
AssetImportWorker0
-projectPath
C:/Users/kille/Desktop/OmniFaceWar
-logFile
Logs/AssetImportWorker0.log
-srvPort
54645
Successfully changed project path to: C:/Users/kille/Desktop/OmniFaceWar
C:/Users/kille/Desktop/OmniFaceWar
Using Asset Import Pipeline V2.
Refreshing native plugins compatible for Editor in 126.92 ms, found 2 plugins.
Preloading 0 native plugins for Editor in 0.00 ms.
Initialize engine version: 2020.3.1f1 (77a89f25062f)
[Subsystems] Discovering subsystems at path C:/Program Files/Unity/Hub/Editor/2020.3.1f1/Editor/Data/Resources/UnitySubsystems
[Subsystems] Discovering subsystems at path C:/Users/kille/Desktop/OmniFaceWar/Assets
GfxDevice: creating device client; threaded=0
Direct3D:
    Version:  Direct3D 11.0 [level 11.1]
    Renderer: NVIDIA GeForce GTX 1060 6GB (ID=0x1c03)
    Vendor:   
    VRAM:     6052 MB
    Driver:   27.21.14.6109
Shader 'Universal Render Pipeline/Particles/Lit': fallback shader 'Universal Render Pipeline/Particles/SimpleLit' not found
Initialize mono
Mono path[0] = 'C:/Program Files/Unity/Hub/Editor/2020.3.1f1/Editor/Data/Managed'
Mono path[1] = 'C:/Program Files/Unity/Hub/Editor/2020.3.1f1/Editor/Data/MonoBleedingEdge/lib/mono/unityjit'
Mono config path = 'C:/Program Files/Unity/Hub/Editor/2020.3.1f1/Editor/Data/MonoBleedingEdge/etc'
Using monoOptions --debugger-agent=transport=dt_socket,embedding=1,server=y,suspend=n,address=127.0.0.1:56900
Begin MonoManager ReloadAssembly
Registering precompiled unity dll's ...
Register platform support module: C:/Program Files/Unity/Hub/Editor/2020.3.1f1/Editor/Data/PlaybackEngines/WebGLSupport/UnityEditor.WebGL.Extensions.dll
Register platform support module: C:/Program Files/Unity/Hub/Editor/2020.3.1f1/Editor/Data/PlaybackEngines/WindowsStandaloneSupport/UnityEditor.WindowsStandalone.Extensions.dll
Registered in 0.003505 seconds.
Native extension for WindowsStandalone target not found
Native extension for WebGL target not found
Refreshing native plugins compatible for Editor in 85.52 ms, found 2 plugins.
Preloading 0 native plugins for Editor in 0.00 ms.
Invoked RoslynAnalysisRunner static constructor.
RoslynAnalysisRunner will not be running.
RoslynAnalysisRunner has terminated.
Mono: successfully reloaded assembly
- Completed reload, in  1.498 seconds
Platform modules already initialized, skipping
Registering precompiled user dll's ...
Registered in 0.017997 seconds.
Begin MonoManager ReloadAssembly
Native extension for WindowsStandalone target not found
Native extension for WebGL target not found
Refreshing native plugins compatible for Editor in 96.20 ms, found 2 plugins.
Preloading 0 native plugins for Editor in 0.00 ms.
Invoked RoslynAnalysisRunner static constructor.
RoslynAnalysisRunner will not be running.
RoslynAnalysisRunner has terminated.
RefreshInfo: StopAssetImportingV2(NoUpdateAssetOptions) scanfilter: 
RefreshProfiler: Total: 0.000ms
Mono: successfully reloaded assembly
- Completed reload, in  1.611 seconds
Platform modules already initialized, skipping
========================================================================
Worker process is ready to serve import requests
Shader 'Universal Render Pipeline/Particles/Lit': fallback shader 'Universal Render Pipeline/Particles/SimpleLit' not found
Launched and connected shader compiler UnityShaderCompiler.exe after 0.07 seconds
Refreshing native plugins compatible for Editor in 1.26 ms, found 2 plugins.
Preloading 0 native plugins for Editor in 0.00 ms.
Unloading 55 Unused Serialized files (Serialized files now loaded: 0)
System memory in use before: 84.6 MB.
System memory in use after: 84.8 MB.

Unloading 97 unused Assets to reduce memory usage. Loaded Objects now: 4422.
Total: 3.162500 ms (FindLiveObjects: 0.587900 ms CreateObjectMapping: 0.297500 ms MarkObjects: 2.145300 ms  DeleteObjects: 0.130600 ms)

========================================================================
Received Import Request.
  path: Assets/Scenes/TutorialLevel.unity
  artifactKey: Guid(bfca58e6eac5b2b45a07f5ad5125e14f) Importer(815301076,1909f56bfc062723c751e8b465ee728b)
Start importing Assets/Scenes/TutorialLevel.unity using Guid(bfca58e6eac5b2b45a07f5ad5125e14f) Importer(815301076,1909f56bfc062723c751e8b465ee728b)  -> (artifact id: '0c632acada06b3ee8cdc0ca62b591db2') in 0.011750 seconds
  Import took 0.020464 seconds .

========================================================================
Received Import Request.
  Time since last request: 6.604109 seconds.
  path: Assets/Prefabs/UI/Notification System/Full Notification.prefab
  artifactKey: Guid(3bf14206d72c70741968f0a512518ced) Importer(815301076,1909f56bfc062723c751e8b465ee728b)
Start importing Assets/Prefabs/UI/Notification System/Full Notification.prefab using Guid(3bf14206d72c70741968f0a512518ced) Importer(815301076,1909f56bfc062723c751e8b465ee728b)  -> (artifact id: '64f996cb4e0f924de537ef0ea7d4fced') in 0.124296 seconds
  Import took 0.133566 seconds .

========================================================================
Received Import Request.
  Time since last request: 19113.841467 seconds.
  path: Assets/Sprites/UI/notification.png
  artifactKey: Guid(a807e00cdde5dd3468e63e5895f550ac) Importer(815301076,1909f56bfc062723c751e8b465ee728b)
Start importing Assets/Sprites/UI/notification.png using Guid(a807e00cdde5dd3468e63e5895f550ac) Importer(815301076,1909f56bfc062723c751e8b465ee728b)  -> (artifact id: 'f011d76a9bfcfc7ed18736425e640fbb') in 0.336473 seconds
  Import took 0.464250 seconds .

========================================================================
Received Prepare
Registering precompiled user dll's ...
Registered in 0.024071 seconds.
Begin MonoManager ReloadAssembly
Native extension for WindowsStandalone target not found
Native extension for WebGL target not found
Refreshing native plugins compatible for Editor in 1.23 ms, found 2 plugins.
Preloading 0 native plugins for Editor in 0.00 ms.
Invoked RoslynAnalysisRunner static constructor.
RoslynAnalysisRunner will not be running.
RoslynAnalysisRunner has terminated.
RefreshInfo: StopAssetImportingV2(NoUpdateAssetOptions) scanfilter: 
RefreshProfiler: Total: 0.000ms
Mono: successfully reloaded assembly
- Completed reload, in  1.686 seconds
Platform modules already initialized, skipping
Shader 'Universal Render Pipeline/Particles/Lit': fallback shader 'Universal Render Pipeline/Particles/SimpleLit' not found
Refreshing native plugins compatible for Editor in 1.24 ms, found 2 plugins.
Preloading 0 native plugins for Editor in 0.00 ms.
Unloading 1871 Unused Serialized files (Serialized files now loaded: 0)
System memory in use before: 123.1 MB.
System memory in use after: 123.4 MB.

Unloading 86 unused Assets to reduce memory usage. Loaded Objects now: 4433.
Total: 3.553800 ms (FindLiveObjects: 0.549200 ms CreateObjectMapping: 0.258800 ms MarkObjects: 2.698400 ms  DeleteObjects: 0.045800 ms)

========================================================================
Received Prepare
Registering precompiled user dll's ...
Registered in 0.026271 seconds.
Begin MonoManager ReloadAssembly
Native extension for WindowsStandalone target not found
Native extension for WebGL target not found
Refreshing native plugins compatible for Editor in 1.43 ms, found 2 plugins.
Preloading 0 native plugins for Editor in 0.00 ms.
Invoked RoslynAnalysisRunner static constructor.
RoslynAnalysisRunner will not be running.
RoslynAnalysisRunner has terminated.
RefreshInfo: StopAssetImportingV2(NoUpdateAssetOptions) scanfilter: 
RefreshProfiler: Total: 0.000ms
Mono: successfully reloaded assembly
- Completed reload, in  2.186 seconds
Platform modules already initialized, skipping
Shader 'Universal Render Pipeline/Particles/Lit': fallback shader 'Universal Render Pipeline/Particles/SimpleLit' not found
Refreshing native plugins compatible for Editor in 1.46 ms, found 2 plugins.
Preloading 0 native plugins for Editor in 0.00 ms.
Unloading 1871 Unused Serialized files (Serialized files now loaded: 0)
System memory in use before: 123.2 MB.
System memory in use after: 123.5 MB.

Unloading 86 unused Assets to reduce memory usage. Loaded Objects now: 4436.
Total: 4.369800 ms (FindLiveObjects: 0.374000 ms CreateObjectMapping: 0.188500 ms MarkObjects: 3.740900 ms  DeleteObjects: 0.064900 ms)

========================================================================
Received Import Request.
  Time since last request: 129.187993 seconds.
  path: Assets/Prefabs/UI/Notification System/Notification.prefab
  artifactKey: Guid(34226629425393a488ed1e8ee3f51c53) Importer(815301076,1909f56bfc062723c751e8b465ee728b)
Start importing Assets/Prefabs/UI/Notification System/Notification.prefab using Guid(34226629425393a488ed1e8ee3f51c53) Importer(815301076,1909f56bfc062723c751e8b465ee728b)  -> (artifact id: '7738b21e911854bf02b31345fb9d48d8') in 0.163156 seconds
  Import took 0.173274 seconds .

========================================================================
Received Import Request.
  Time since last request: 64.938157 seconds.
  path: Assets/Prefabs/UI/Notification System/Notification.prefab
  artifactKey: Guid(34226629425393a488ed1e8ee3f51c53) Importer(815301076,1909f56bfc062723c751e8b465ee728b)
Start importing Assets/Prefabs/UI/Notification System/Notification.prefab using Guid(34226629425393a488ed1e8ee3f51c53) Importer(815301076,1909f56bfc062723c751e8b465ee728b)  -> (artifact id: '2879ea8197bdc2030a8fd1bcd503cc81') in 0.053767 seconds
  Import took 0.066144 seconds .

========================================================================
Received Import Request.
  Time since last request: 0.038708 seconds.
  path: Assets/Prefabs/UI/Notification System/Notification.prefab
  artifactKey: Guid(34226629425393a488ed1e8ee3f51c53) Importer(815301076,1909f56bfc062723c751e8b465ee728b)
Start importing Assets/Prefabs/UI/Notification System/Notification.prefab using Guid(34226629425393a488ed1e8ee3f51c53) Importer(815301076,1909f56bfc062723c751e8b465ee728b)  -> (artifact id: '2879ea8197bdc2030a8fd1bcd503cc81') in 0.047617 seconds
  Import took 0.057556 seconds .

========================================================================
Received Prepare
Registering precompiled user dll's ...
Registered in 0.018180 seconds.
Begin MonoManager ReloadAssembly
Native extension for WindowsStandalone target not found
Native extension for WebGL target not found
Refreshing native plugins compatible for Editor in 1.43 ms, found 2 plugins.
Preloading 0 native plugins for Editor in 0.00 ms.
Invoked RoslynAnalysisRunner static constructor.
RoslynAnalysisRunner will not be running.
RoslynAnalysisRunner has terminated.
RefreshInfo: StopAssetImportingV2(NoUpdateAssetOptions) scanfilter: 
RefreshProfiler: Total: 0.000ms
Mono: successfully reloaded assembly
- Completed reload, in  1.765 seconds
Platform modules already initialized, skipping
Shader 'Universal Render Pipeline/Particles/Lit': fallback shader 'Universal Render Pipeline/Particles/SimpleLit' not found
Refreshing native plugins compatible for Editor in 1.24 ms, found 2 plugins.
Preloading 0 native plugins for Editor in 0.00 ms.
Unloading 1871 Unused Serialized files (Serialized files now loaded: 0)
System memory in use before: 123.3 MB.
System memory in use after: 123.5 MB.

Unloading 86 unused Assets to reduce memory usage. Loaded Objects now: 4439.
Total: 4.500800 ms (FindLiveObjects: 0.602200 ms CreateObjectMapping: 0.352900 ms MarkObjects: 3.456200 ms  DeleteObjects: 0.087700 ms)

========================================================================
Received Import Request.
  Time since last request: 360.274051 seconds.
  path: Assets/Prefabs/UI/Notification System/Notification.prefab
  artifactKey: Guid(34226629425393a488ed1e8ee3f51c53) Importer(815301076,1909f56bfc062723c751e8b465ee728b)
Start importing Assets/Prefabs/UI/Notification System/Notification.prefab using Guid(34226629425393a488ed1e8ee3f51c53) Importer(815301076,1909f56bfc062723c751e8b465ee728b)  -> (artifact id: '28533a03067edddefcfb9259ccf2e028') in 0.122821 seconds
  Import took 0.133819 seconds .

========================================================================
Received Prepare
Registering precompiled user dll's ...
Registered in 0.020871 seconds.
Begin MonoManager ReloadAssembly
Native extension for WindowsStandalone target not found
Native extension for WebGL target not found
Refreshing native plugins compatible for Editor in 1.30 ms, found 2 plugins.
Preloading 0 native plugins for Editor in 0.00 ms.
Invoked RoslynAnalysisRunner static constructor.
RoslynAnalysisRunner will not be running.
RoslynAnalysisRunner has terminated.
RefreshInfo: StopAssetImportingV2(NoUpdateAssetOptions) scanfilter: 
RefreshProfiler: Total: 0.000ms
Mono: successfully reloaded assembly
- Completed reload, in  1.381 seconds
Platform modules already initialized, skipping
Shader 'Universal Render Pipeline/Particles/Lit': fallback shader 'Universal Render Pipeline/Particles/SimpleLit' not found
Refreshing native plugins compatible for Editor in 1.21 ms, found 2 plugins.
Preloading 0 native plugins for Editor in 0.00 ms.
Unloading 1871 Unused Serialized files (Serialized files now loaded: 0)
System memory in use before: 123.3 MB.
System memory in use after: 123.6 MB.

Unloading 86 unused Assets to reduce memory usage. Loaded Objects now: 4442.
Total: 3.986600 ms (FindLiveObjects: 0.386500 ms CreateObjectMapping: 0.183700 ms MarkObjects: 3.333800 ms  DeleteObjects: 0.080600 ms)

========================================================================
Received Import Request.
  Time since last request: 147.360731 seconds.
  path: Assets/Prefabs/UI/Notification System/Notification.prefab
  artifactKey: Guid(34226629425393a488ed1e8ee3f51c53) Importer(815301076,1909f56bfc062723c751e8b465ee728b)
Start importing Assets/Prefabs/UI/Notification System/Notification.prefab using Guid(34226629425393a488ed1e8ee3f51c53) Importer(815301076,1909f56bfc062723c751e8b465ee728b)  -> (artifact id: '8ef04da0808ae30a17578a606c967c60') in 0.147112 seconds
  Import took 0.164095 seconds .

========================================================================
Received Prepare
Registering precompiled user dll's ...
Registered in 0.018000 seconds.
Begin MonoManager ReloadAssembly
Native extension for WindowsStandalone target not found
Native extension for WebGL target not found
Refreshing native plugins compatible for Editor in 1.29 ms, found 2 plugins.
Preloading 0 native plugins for Editor in 0.00 ms.
Invoked RoslynAnalysisRunner static constructor.
RoslynAnalysisRunner will not be running.
RoslynAnalysisRunner has terminated.
RefreshInfo: StopAssetImportingV2(NoUpdateAssetOptions) scanfilter: 
RefreshProfiler: Total: 0.000ms
Mono: successfully reloaded assembly
- Completed reload, in  1.471 seconds
Platform modules already initialized, skipping
Shader 'Universal Render Pipeline/Particles/Lit': fallback shader 'Universal Render Pipeline/Particles/SimpleLit' not found
Refreshing native plugins compatible for Editor in 1.30 ms, found 2 plugins.
Preloading 0 native plugins for Editor in 0.00 ms.
Unloading 1871 Unused Serialized files (Serialized files now loaded: 0)
System memory in use before: 123.3 MB.
System memory in use after: 123.6 MB.

Unloading 86 unused Assets to reduce memory usage. Loaded Objects now: 4445.
Total: 3.325400 ms (FindLiveObjects: 0.433800 ms CreateObjectMapping: 0.259100 ms MarkObjects: 2.582600 ms  DeleteObjects: 0.048400 ms)

========================================================================
Received Prepare
Registering precompiled user dll's ...
Registered in 0.020818 seconds.
Begin MonoManager ReloadAssembly
Native extension for WindowsStandalone target not found
Native extension for WebGL target not found
Refreshing native plugins compatible for Editor in 1.41 ms, found 2 plugins.
Preloading 0 native plugins for Editor in 0.00 ms.
Invoked RoslynAnalysisRunner static constructor.
RoslynAnalysisRunner will not be running.
RoslynAnalysisRunner has terminated.
RefreshInfo: StopAssetImportingV2(NoUpdateAssetOptions) scanfilter: 
RefreshProfiler: Total: 0.000ms
Mono: successfully reloaded assembly
- Completed reload, in  1.751 seconds
Platform modules already initialized, skipping
Shader 'Universal Render Pipeline/Particles/Lit': fallback shader 'Universal Render Pipeline/Particles/SimpleLit' not found
Refreshing native plugins compatible for Editor in 1.15 ms, found 2 plugins.
Preloading 0 native plugins for Editor in 0.00 ms.
Unloading 1871 Unused Serialized files (Serialized files now loaded: 0)
System memory in use before: 123.3 MB.
System memory in use after: 123.6 MB.

Unloading 86 unused Assets to reduce memory usage. Loaded Objects now: 4448.
Total: 2.677100 ms (FindLiveObjects: 0.410200 ms CreateObjectMapping: 0.188200 ms MarkObjects: 2.039800 ms  DeleteObjects: 0.037400 ms)

========================================================================
Received Import Request.
  Time since last request: 2121.425195 seconds.
  path: Assets/Sprites/UI/notification.png
  artifactKey: Guid(a807e00cdde5dd3468e63e5895f550ac) Importer(815301076,1909f56bfc062723c751e8b465ee728b)
Start importing Assets/Sprites/UI/notification.png using Guid(a807e00cdde5dd3468e63e5895f550ac) Importer(815301076,1909f56bfc062723c751e8b465ee728b)  -> (artifact id: 'b2dbf25b5375aa7eec295a8b1e8dd65a') in 0.093223 seconds
  Import took 0.107295 seconds .

========================================================================
Received Prepare
Registering precompiled user dll's ...
Registered in 0.018434 seconds.
Begin MonoManager ReloadAssembly
Native extension for WindowsStandalone target not found
Native extension for WebGL target not found
Refreshing native plugins compatible for Editor in 1.21 ms, found 2 plugins.
Preloading 0 native plugins for Editor in 0.00 ms.
Invoked RoslynAnalysisRunner static constructor.
RoslynAnalysisRunner will not be running.
RoslynAnalysisRunner has terminated.
RefreshInfo: StopAssetImportingV2(NoUpdateAssetOptions) scanfilter: 
RefreshProfiler: Total: 0.000ms
Mono: successfully reloaded assembly
- Completed reload, in  2.081 seconds
Platform modules already initialized, skipping
Shader 'Universal Render Pipeline/Particles/Lit': fallback shader 'Universal Render Pipeline/Particles/SimpleLit' not found
Refreshing native plugins compatible for Editor in 1.20 ms, found 2 plugins.
Preloading 0 native plugins for Editor in 0.00 ms.
Unloading 1871 Unused Serialized files (Serialized files now loaded: 0)
System memory in use before: 123.4 MB.
System memory in use after: 123.6 MB.

Unloading 86 unused Assets to reduce memory usage. Loaded Objects now: 4452.
Total: 5.268100 ms (FindLiveObjects: 0.627500 ms CreateObjectMapping: 0.230200 ms MarkObjects: 4.318900 ms  DeleteObjects: 0.088400 ms)

========================================================================
Received Import Request.
  Time since last request: 296.359778 seconds.
  path: Assets/Sprites/UI/notification.png
  artifactKey: Guid(a807e00cdde5dd3468e63e5895f550ac) Importer(815301076,1909f56bfc062723c751e8b465ee728b)
Start importing Assets/Sprites/UI/notification.png using Guid(a807e00cdde5dd3468e63e5895f550ac) Importer(815301076,1909f56bfc062723c751e8b465ee728b)  -> (artifact id: 'beaf7b245386e46c50ea47289ad1313f') in 0.066467 seconds
  Import took 0.078677 seconds .

========================================================================
Received Prepare
Registering precompiled user dll's ...
Registered in 0.019062 seconds.
Begin MonoManager ReloadAssembly
Native extension for WindowsStandalone target not found
Native extension for WebGL target not found
Refreshing native plugins compatible for Editor in 1.46 ms, found 2 plugins.
Preloading 0 native plugins for Editor in 0.00 ms.
Invoked RoslynAnalysisRunner static constructor.
RoslynAnalysisRunner will not be running.
RoslynAnalysisRunner has terminated.
RefreshInfo: StopAssetImportingV2(NoUpdateAssetOptions) scanfilter: 
RefreshProfiler: Total: 0.000ms
Mono: successfully reloaded assembly
- Completed reload, in  1.970 seconds
Platform modules already initialized, skipping
Shader 'Universal Render Pipeline/Particles/Lit': fallback shader 'Universal Render Pipeline/Particles/SimpleLit' not found
Refreshing native plugins compatible for Editor in 2.13 ms, found 2 plugins.
Preloading 0 native plugins for Editor in 0.00 ms.
Unloading 1871 Unused Serialized files (Serialized files now loaded: 0)
System memory in use before: 123.4 MB.
System memory in use after: 123.6 MB.

Unloading 86 unused Assets to reduce memory usage. Loaded Objects now: 4456.
Total: 3.221800 ms (FindLiveObjects: 0.383500 ms CreateObjectMapping: 0.199500 ms MarkObjects: 2.594400 ms  DeleteObjects: 0.042600 ms)

========================================================================
Received Import Request.
  Time since last request: 28.303918 seconds.
  path: Assets/Prefabs/UI/Notification System/Notification.prefab
  artifactKey: Guid(34226629425393a488ed1e8ee3f51c53) Importer(815301076,1909f56bfc062723c751e8b465ee728b)
Start importing Assets/Prefabs/UI/Notification System/Notification.prefab using Guid(34226629425393a488ed1e8ee3f51c53) Importer(815301076,1909f56bfc062723c751e8b465ee728b)  -> (artifact id: '0df0f909eabc93bb5ee2c4dffcbaf986') in 0.111190 seconds
  Import took 0.121636 seconds .

========================================================================
Received Prepare
Registering precompiled user dll's ...
Registered in 0.022333 seconds.
Begin MonoManager ReloadAssembly
Native extension for WindowsStandalone target not found
Native extension for WebGL target not found
Refreshing native plugins compatible for Editor in 1.45 ms, found 2 plugins.
Preloading 0 native plugins for Editor in 0.00 ms.
Invoked RoslynAnalysisRunner static constructor.
RoslynAnalysisRunner will not be running.
RoslynAnalysisRunner has terminated.
RefreshInfo: StopAssetImportingV2(NoUpdateAssetOptions) scanfilter: 
RefreshProfiler: Total: 0.000ms
Mono: successfully reloaded assembly
- Completed reload, in  1.830 seconds
Platform modules already initialized, skipping
Shader 'Universal Render Pipeline/Particles/Lit': fallback shader 'Universal Render Pipeline/Particles/SimpleLit' not found
Refreshing native plugins compatible for Editor in 1.71 ms, found 2 plugins.
Preloading 0 native plugins for Editor in 0.00 ms.
Unloading 1871 Unused Serialized files (Serialized files now loaded: 0)
System memory in use before: 123.4 MB.
System memory in use after: 123.6 MB.

Unloading 86 unused Assets to reduce memory usage. Loaded Objects now: 4459.
Total: 4.719800 ms (FindLiveObjects: 0.842200 ms CreateObjectMapping: 0.366600 ms MarkObjects: 3.434200 ms  DeleteObjects: 0.074800 ms)

========================================================================
Received Prepare
Registering precompiled user dll's ...
Registered in 0.025040 seconds.
Begin MonoManager ReloadAssembly
Native extension for WindowsStandalone target not found
Native extension for WebGL target not found
Refreshing native plugins compatible for Editor in 1.48 ms, found 2 plugins.
Preloading 0 native plugins for Editor in 0.00 ms.
Invoked RoslynAnalysisRunner static constructor.
RoslynAnalysisRunner will not be running.
RoslynAnalysisRunner has terminated.
RefreshInfo: StopAssetImportingV2(NoUpdateAssetOptions) scanfilter: 
RefreshProfiler: Total: 0.000ms
Mono: successfully reloaded assembly
- Completed reload, in  1.472 seconds
Platform modules already initialized, skipping
Shader 'Universal Render Pipeline/Particles/Lit': fallback shader 'Universal Render Pipeline/Particles/SimpleLit' not found
Refreshing native plugins compatible for Editor in 2.12 ms, found 2 plugins.
Preloading 0 native plugins for Editor in 0.00 ms.
Unloading 1871 Unused Serialized files (Serialized files now loaded: 0)
System memory in use before: 123.4 MB.
System memory in use after: 123.6 MB.

Unloading 86 unused Assets to reduce memory usage. Loaded Objects now: 4462.
Total: 3.068300 ms (FindLiveObjects: 0.549200 ms CreateObjectMapping: 0.236300 ms MarkObjects: 2.210300 ms  DeleteObjects: 0.071600 ms)

========================================================================
Received Prepare
Registering precompiled user dll's ...
Registered in 0.021409 seconds.
Begin MonoManager ReloadAssembly
Native extension for WindowsStandalone target not found
Native extension for WebGL target not found
Refreshing native plugins compatible for Editor in 2.50 ms, found 2 plugins.
Preloading 0 native plugins for Editor in 0.00 ms.
Invoked RoslynAnalysisRunner static constructor.
RoslynAnalysisRunner will not be running.
RoslynAnalysisRunner has terminated.
RefreshInfo: StopAssetImportingV2(NoUpdateAssetOptions) scanfilter: 
RefreshProfiler: Total: 0.000ms
Mono: successfully reloaded assembly
- Completed reload, in  1.727 seconds
Platform modules already initialized, skipping
Shader 'Universal Render Pipeline/Particles/Lit': fallback shader 'Universal Render Pipeline/Particles/SimpleLit' not found
Refreshing native plugins compatible for Editor in 1.20 ms, found 2 plugins.
Preloading 0 native plugins for Editor in 0.00 ms.
Unloading 1871 Unused Serialized files (Serialized files now loaded: 0)
System memory in use before: 123.4 MB.
System memory in use after: 123.6 MB.

Unloading 86 unused Assets to reduce memory usage. Loaded Objects now: 4465.
Total: 3.718700 ms (FindLiveObjects: 0.427000 ms CreateObjectMapping: 0.640200 ms MarkObjects: 2.600100 ms  DeleteObjects: 0.049500 ms)

========================================================================
Received Prepare
Registering precompiled user dll's ...
Registered in 0.018837 seconds.
Begin MonoManager ReloadAssembly
Native extension for WindowsStandalone target not found
Native extension for WebGL target not found
Refreshing native plugins compatible for Editor in 1.30 ms, found 2 plugins.
Preloading 0 native plugins for Editor in 0.00 ms.
Invoked RoslynAnalysisRunner static constructor.
RoslynAnalysisRunner will not be running.
RoslynAnalysisRunner has terminated.
RefreshInfo: StopAssetImportingV2(NoUpdateAssetOptions) scanfilter: 
RefreshProfiler: Total: 0.000ms
Mono: successfully reloaded assembly
- Completed reload, in  1.525 seconds
Platform modules already initialized, skipping
Shader 'Universal Render Pipeline/Particles/Lit': fallback shader 'Universal Render Pipeline/Particles/SimpleLit' not found
Refreshing native plugins compatible for Editor in 1.18 ms, found 2 plugins.
Preloading 0 native plugins for Editor in 0.00 ms.
Unloading 1871 Unused Serialized files (Serialized files now loaded: 0)
System memory in use before: 123.4 MB.
System memory in use after: 123.6 MB.

Unloading 86 unused Assets to reduce memory usage. Loaded Objects now: 4468.
Total: 3.101900 ms (FindLiveObjects: 0.378100 ms CreateObjectMapping: 0.193400 ms MarkObjects: 2.445700 ms  DeleteObjects: 0.083300 ms)

AssetImportWorkerClient::OnTransportError - code=2 error=End of file
