
=== Wed Jun 19 14:44:40 2019

Packages were changed.
Update Mode: mergeDefaultDependencies

The following packages were updated:
  com.unity.analytics from version 3.2.2 to 3.3.2
  com.unity.collab-proxy from version 1.2.9 to 1.2.16
  com.unity.package-manager-ui from version 2.1.1 to 2.1.2
  com.unity.purchasing from version 2.0.1 to 2.0.6
  com.unity.textmeshpro from version 1.3.0 to 2.0.1
  com.unity.timeline from version 0.0.0-builtin to 1.0.0

=== Thu Aug 15 11:51:31 2019

Packages were changed.
Update Mode: updateDependencies

The following packages were added:
  com.unity.2d.tilemap@1.0.0
  com.unity.ext.nunit@1.0.0
  com.unity.test-framework@1.0.13
  com.unity.2d.sprite@1.0.0
  com.unity.ide.vscode@1.0.7
  com.unity.ide.rider@1.0.8
  com.unity.ugui@1.0.0
  com.unity.modules.androidjni@1.0.0
The following packages were updated:
  com.unity.package-manager-ui from version 2.1.2 to 2.2.0
  com.unity.timeline from version 1.0.0 to 1.1.0

=== Thu Dec  5 12:06:27 2019

Packages were changed.
Update Mode: updateDependencies

The following packages were updated:
  com.unity.ide.rider from version 1.0.8 to 1.1.0
  com.unity.ide.vscode from version 1.0.7 to 1.1.3
  com.unity.postprocessing from version 2.1.7 to 2.2.1
  com.unity.render-pipelines.lightweight from version 6.9.1 to 7.1.5
  com.unity.test-framework from version 1.0.18 to 1.1.3
  com.unity.timeline from version 1.1.0 to 1.2.6
The following packages were removed:
  com.unity.package-manager-ui@2.2.0

=== Mon Jan 20 10:43:01 2020

Packages were changed.
Update Mode: updateDependencies

The following packages were updated:
  com.unity.ide.rider from version 1.1.0 to 1.1.4
  com.unity.render-pipelines.universal from version 7.1.6 to 7.1.7
  com.unity.test-framework from version 1.1.3 to 1.1.9
  com.unity.timeline from version 1.2.6 to 1.2.9
